<?xml version="1.0" encoding="UTF-8"?>
<!-- Generated by org.testng.reporters.JUnitReportReporter -->
<testsuite hostname="DESKTOP-LSFSGRJ" failures="0" tests="2" name="tests.RegisterTest" time="40.641" errors="0" timestamp="2024-10-01T23:57:54 EEST" skipped="0">
  <testcase classname="tests.RegisterTest" name="UserRegister_newUsername" time="29.980"/>
  <testcase classname="tests.RegisterTest" name="UserRegister_existUsername" time="10.661"/>
</testsuite> <!-- tests.RegisterTest -->
