<?xml version="1.0" encoding="UTF-8"?>
<!-- Generated by org.testng.reporters.JUnitReportReporter -->
<testsuite hostname="DESKTOP-LSFSGRJ" failures="0" tests="1" name="tests.Register_NegativeScenario" time="13.163" errors="0" timestamp="2024-10-02T00:04:20 EEST" skipped="0">
  <testcase classname="tests.Register_NegativeScenario" name="UserRegister_existUsername" time="13.163"/>
</testsuite> <!-- tests.Register_NegativeScenario -->
