<?xml version="1.0" encoding="UTF-8"?>
<!-- Generated by org.testng.reporters.JUnitReportReporter -->
<testsuite hostname="DESKTOP-LSFSGRJ" failures="0" tests="1" name="tests.Login_NegativeScenario" time="7.834" errors="0" timestamp="2024-10-02T00:47:43 EEST" skipped="0">
  <testcase classname="tests.Login_NegativeScenario" name="Login_InCorrectUsernameAndPassword" time="7.834"/>
</testsuite> <!-- tests.Login_NegativeScenario -->
